<?xml version="1.0" encoding="UTF-8"?>
<!-- Generated by org.testng.reporters.JUnitReportReporter -->
<testsuite skipped="0" hostname="MAVBCP677" name="Scuba_testng.Calculator" tests="3" failures="0" timestamp="2020-07-03T09:28:11 IST" time="0.004" errors="0">
  <testcase name="sub" time="0.001" classname="Scuba_testng.Calculator"/>
  <system-out>
The difference is-5  </system-out>
  <testcase name="sub" time="0.002" classname="Scuba_testng.Calculator"/>
  <system-out>
The difference is-88  </system-out>
  <testcase name="sub" time="0.001" classname="Scuba_testng.Calculator"/>
  <system-out>
The difference is-15  </system-out>
</testsuite> <!-- Scuba_testng.Calculator -->
