<?xml version="1.0" encoding="UTF-8"?>
<!-- Generated by org.testng.reporters.JUnitReportReporter -->
<testsuite skipped="0" hostname="MAVBCP677" name="Scuba_testng.Calc_2" tests="3" failures="0" timestamp="2020-07-03T09:28:11 IST" time="0.017" errors="0">
  <testcase name="exp" time="0.003" classname="Scuba_testng.Calc_2"/>
  <system-out>
The exponential value is9.75393440940717E28  </system-out>
  <testcase name="exp" time="0.005" classname="Scuba_testng.Calc_2"/>
  <system-out>
The exponential value is498.11172172553194  </system-out>
  <testcase name="exp" time="0.009" classname="Scuba_testng.Calc_2"/>
  <system-out>
The exponential value is57.6650390625  </system-out>
</testsuite> <!-- Scuba_testng.Calc_2 -->
